17:41:17 [D] 
17:41:17 [D]           login服务器启动
17:41:17 [D] 
17:41:17 [D] App 启动 
17:41:20 [I] 咕咕鸟在鸣叫! 
17:11:49 [D] 
17:11:49 [D]           login服务器启动
17:11:49 [D] 
17:11:49 [D] App 启动 
10:10:43 [D] 
10:10:43 [D]           login服务器启动
10:10:43 [D] 
10:10:43 [D] App 启动 
10:11:19 [D] 
10:11:19 [D]           login服务器启动
10:11:19 [D] 
10:11:19 [D] App 启动 
13:39:34 [D] 
13:39:34 [D]           login服务器启动
13:39:34 [D] 
13:39:34 [D] App 启动 
13:40:09 [D] 
13:40:09 [D]           login服务器启动
13:40:09 [D] 
13:40:09 [D] App 启动 
13:42:58 [D] 
13:42:58 [D]           login服务器启动
13:42:58 [D] 
13:42:58 [D] App 启动 
13:43:16 [D] 
13:43:16 [D]           login服务器启动
13:43:16 [D] 
13:43:16 [D] App 启动 
13:43:19 [I] 咕咕鸟在鸣叫! 
14:00:16 [D] 
14:00:16 [D]           login服务器启动
14:00:16 [D] 
14:00:16 [D] App 启动 
16:21:56 [D] 
16:21:56 [D]           login服务器启动
16:21:56 [D] 
16:21:56 [D] App 启动 
16:21:59 [I] 咕咕鸟在鸣叫! 
16:22:19 [D] 
16:22:19 [D]           login服务器启动
16:22:19 [D] 
16:22:19 [D] App 启动 
16:22:53 [D] 
16:22:53 [D]           login服务器启动
16:22:53 [D] 
16:22:53 [D] App 启动 
16:23:05 [D] 
16:23:05 [D]           login服务器启动
16:23:05 [D] 
16:23:05 [D] App 启动 
16:23:08 [I] 咕咕鸟在鸣叫! 
16:25:04 [D] 
16:25:04 [D]           login服务器启动
16:25:04 [D] 
16:25:04 [D] App 启动 
16:25:04 [I] main_listen : Listen(0.0.0.0:8001) ok.
16:25:07 [I] 咕咕鸟在鸣叫! 
16:25:12 [D] Conn[1] : Accept ok
16:27:20 [D] 
16:27:20 [D]           login服务器启动
16:27:20 [D] 
16:27:20 [D] App 启动 
16:27:20 [I] main_listen : Listen(0.0.0.0:8001) ok.
16:27:23 [I] 咕咕鸟在鸣叫! 
16:27:26 [D] Conn[1] : Accept ok
16:27:26 [I] ReadConnData : len =4
16:28:27 [D] 
16:28:27 [D]           login服务器启动
16:28:27 [D] 
16:28:27 [D] App 启动 
16:28:27 [I] main_listen : Listen(0.0.0.0:8001) ok.
16:28:30 [I] 咕咕鸟在鸣叫! 
16:28:32 [D] Conn[1] : Accept ok
16:28:32 [I] ReadConnData : len ={'ༀ' '\x00' '\x01' ""}
16:29:02 [D] 
16:29:02 [D]           login服务器启动
16:29:02 [D] 
16:29:02 [D] App 启动 
16:29:02 [I] main_listen : Listen(0.0.0.0:8001) ok.
16:29:05 [I] 咕咕鸟在鸣叫! 
16:29:06 [D] Conn[1] : Accept ok
16:29:06 [I] ReadConnData : len ={f00 0 1 }
16:29:52 [D] 
16:29:52 [D]           login服务器启动
16:29:52 [D] 
16:29:52 [D] App 启动 
16:29:52 [I] main_listen : Listen(0.0.0.0:8001) ok.
16:29:54 [D] Conn[1] : Accept ok
16:29:54 [I] ReadConnData : len =3840, token=0, count=1
16:29:55 [I] 咕咕鸟在鸣叫! 
